\BOOKMARK [1][-]{section.1}{Introduction}{}% 1
\BOOKMARK [1][-]{section.2}{Numerical Method}{}% 2
\BOOKMARK [1][-]{section.3}{Adaptation}{}% 3
\BOOKMARK [1][-]{section.4}{Tasks and Deliverables}{}% 4
\BOOKMARK [2][-]{subsection.4.1}{Roe Flux Overview}{section.4}% 5
\BOOKMARK [3][-]{subsubsection.4.1.1}{Roe Flux Function}{subsection.4.1}% 6
\BOOKMARK [3][-]{subsubsection.4.1.2}{Subsonic and Supersonic Implementation Tests}{subsection.4.1}% 7
\BOOKMARK [2][-]{subsection.4.2}{Implementing Finite Volume Method}{section.4}% 8
\BOOKMARK [3][-]{subsubsection.4.2.1}{Main Driving Code}{subsection.4.2}% 9
\BOOKMARK [3][-]{subsubsection.4.2.2}{Finite-Volume-Element Implementation}{subsection.4.2}% 10
\BOOKMARK [3][-]{subsubsection.4.2.3}{Flux Code Implementation}{subsection.4.2}% 11
\BOOKMARK [3][-]{subsubsection.4.2.4}{Mesh Adaption Implementation}{subsection.4.2}% 12
\BOOKMARK [3][-]{subsubsection.4.2.5}{Miscellaneous Code}{subsection.4.2}% 13
\BOOKMARK [2][-]{subsection.4.3}{Convergences and Analysis of Baseline Mesh}{section.4}% 14
\BOOKMARK [3][-]{subsubsection.4.3.1}{L1 Norm Convergence}{subsection.4.3}% 15
\BOOKMARK [3][-]{subsubsection.4.3.2}{ATPR Output}{subsection.4.3}% 16
\BOOKMARK [3][-]{subsubsection.4.3.3}{Baseline Field Plots}{subsection.4.3}% 17
\BOOKMARK [2][-]{subsection.4.4}{Implementing Mach Number Jumps}{section.4}% 18
\BOOKMARK [3][-]{subsubsection.4.4.1}{Adapted Meshes}{subsection.4.4}% 19
\BOOKMARK [3][-]{subsubsection.4.4.2}{Adapted Mesh Field Plots}{subsection.4.4}% 20
\BOOKMARK [3][-]{subsubsection.4.4.3}{Adapted Mesh ATPR Convergence}{subsection.4.4}% 21
\BOOKMARK [2][-]{subsection.4.5}{Adaptive Iterations}{section.4}% 22
\BOOKMARK [3][-]{subsubsection.4.5.1}{ATPR Versus Angle of Attack}{subsection.4.5}% 23
\BOOKMARK [3][-]{subsubsection.4.5.2}{Flow Fields for Varying Angle of Attacks}{subsection.4.5}% 24
\BOOKMARK [1][-]{section*.50}{Appendices}{}% 25
\BOOKMARK [1][-]{Appendix.a.A}{Appendix Python Implementation}{}% 26
\BOOKMARK [2][-]{subsection.a.A.1}{Main Driving Code}{Appendix.a.A}% 27
\BOOKMARK [2][-]{subsection.a.A.2}{Finite-Volume-Element Code}{Appendix.a.A}% 28
\BOOKMARK [2][-]{subsection.a.A.3}{Roe Flux Python Implementation}{Appendix.a.A}% 29
\BOOKMARK [2][-]{subsection.a.A.4}{Adaptive Mesh Python Implementation}{Appendix.a.A}% 30
\BOOKMARK [1][-]{Appendix.a.B}{Appendix Additional Supporting Code}{}% 31
\BOOKMARK [1][-]{lstnumber.6.16}{References}{}% 32
